INFO:src.utils.logger:./checkpoints/2025-08-19_03-45-33-735120
INFO:src.utils.logger:Config:
INFO:src.utils.logger:dataset_type: old
INFO:src.utils.logger:training_selection_method: Sobol
INFO:src.utils.logger:input_dim: 3
INFO:src.utils.logger:hidden_dim: 300
INFO:src.utils.logger:hidden_layers_dim: 3
INFO:src.utils.logger:fluid_density: 1.0
INFO:src.utils.logger:fluid_viscosity: 0.01
INFO:src.utils.logger:num_epochs: 60000
INFO:src.utils.logger:batch_size: 128
INFO:src.utils.logger:learning_rate: 0.001
INFO:src.utils.logger:data_weight: 2.0
INFO:src.utils.logger:physics_weight: 0.01
INFO:src.utils.logger:boundary_weight: 2.0
INFO:src.utils.logger:fsi_weight: 0.5
INFO:src.utils.logger:initial_weight: 4.0
INFO:src.utils.logger:checkpoint_dir: ./checkpoints
INFO:src.utils.logger:resume: None
INFO:src.utils.logger:print_every: 200
INFO:src.utils.logger:save_every: 400
INFO:src.utils.logger:fluid_sampling_ratio: 0.01
INFO:src.utils.logger:interface_sampling_ratio: 0.07
INFO:src.utils.logger:solid_sampling_ratio: 0.01
INFO:src.utils.logger:left_sampling_ratio: 0.1
INFO:src.utils.logger:right_sampling_ratio: 0.1
INFO:src.utils.logger:bottom_sampling_ratio: 0.1
INFO:src.utils.logger:top_sampling_ratio: 0.15
INFO:src.utils.logger:initial_sampling_ratio: 0.1
INFO:src.utils.logger:device: cpu
INFO:src.utils.logger:solver: mlp
INFO:src.utils.logger:model: m2
INFO:src.utils.logger:Fluid model architecture:
INFO:src.utils.logger:MLP(
  (layers): ModuleList(
    (0): Linear(in_features=3, out_features=300, bias=True)
    (1-2): 2 x Linear(in_features=300, out_features=300, bias=True)
    (3): Linear(in_features=300, out_features=3, bias=True)
  )
)
INFO:src.utils.logger:MLP(
  (layers): ModuleList(
    (0): Linear(in_features=3, out_features=300, bias=True)
    (1-2): 2 x Linear(in_features=300, out_features=300, bias=True)
    (3): Linear(in_features=300, out_features=3, bias=True)
  )
)
INFO:src.utils.logger:Number of parameters: 182703
INFO:src.utils.logger:Epoch 0/60000, Total: 4.7e+00, Data(F&S): 2.2e-01, Physics: 1.6e-03, Boundary: 4.0e+00, FSI: 4.1e-02, Solid: 1.2e-01, Initial: 5.2e-01, LR: 1.00e-03
INFO:src.utils.logger:Epoch 200/60000, Total: 1.3e+00, Data(F&S): 1.2e-01, Physics: 6.3e-03, Boundary: 1.0e+00, FSI: 6.5e-05, Solid: 3.2e-02, Initial: 1.1e-01, LR: 1.00e-03
INFO:src.utils.logger:Final losses:
INFO:src.utils.logger:Final left: 1.406e-01 |  Final right: 2.369e-01 |  Final bottom: 2.459e-02 |  Final up: 5.285e-01 |  Final fluid: 1.272e-02 |  Final interface: 9.781e-05 |  Final initial: 6.488e-02 |  Final fluid_total: 1.116e+00 |  Final solid_total: 2.511e-02 | 
INFO:src.utils.logger:_save_checkpoint: Epoch 400 | Training checkpoint saved at ./checkpoints/2025-08-19_03-45-33-735120/model.pth
INFO:src.utils.logger:Epoch 400/60000, Total: 1.1e+00, Data(F&S): 1.0e-01, Physics: 1.3e-02, Boundary: 8.9e-01, FSI: 4.5e-05, Solid: 2.5e-02, Initial: 7.0e-02, LR: 1.00e-03
INFO:src.utils.logger:Epoch 600/60000, Total: 8.9e-01, Data(F&S): 7.5e-02, Physics: 1.3e-02, Boundary: 7.5e-01, FSI: 1.7e-04, Solid: 2.0e-02, Initial: 5.9e-02, LR: 1.00e-03
INFO:src.utils.logger:Final losses:
INFO:src.utils.logger:Final left: 1.080e-01 |  Final right: 1.518e-01 |  Final bottom: 1.665e-02 |  Final up: 3.534e-01 |  Final fluid: 1.695e-02 |  Final interface: 5.946e-05 |  Final initial: 5.464e-02 |  Final fluid_total: 7.521e-01 |  Final solid_total: 1.774e-02 | 
INFO:src.utils.logger:_save_checkpoint: Epoch 800 | Training checkpoint saved at ./checkpoints/2025-08-19_03-45-33-735120/model.pth
INFO:src.utils.logger:Epoch 800/60000, Total: 7.2e-01, Data(F&S): 5.2e-02, Physics: 1.6e-02, Boundary: 6.0e-01, FSI: 5.7e-05, Solid: 1.8e-02, Initial: 5.1e-02, LR: 1.00e-03
INFO:src.utils.logger:Epoch 1000/60000, Total: 6.4e-01, Data(F&S): 4.0e-02, Physics: 1.9e-02, Boundary: 5.5e-01, FSI: 9.5e-05, Solid: 1.6e-02, Initial: 3.7e-02, LR: 1.00e-03
INFO:src.utils.logger:Final losses:
INFO:src.utils.logger:Final left: 7.260e-02 |  Final right: 1.223e-01 |  Final bottom: 2.280e-03 |  Final up: 2.636e-01 |  Final fluid: 2.322e-02 |  Final interface: 1.842e-04 |  Final initial: 2.821e-02 |  Final fluid_total: 5.508e-01 |  Final solid_total: 1.380e-02 | 
INFO:src.utils.logger:_save_checkpoint: Epoch 1200 | Training checkpoint saved at ./checkpoints/2025-08-19_03-45-33-735120/model.pth
INFO:src.utils.logger:Epoch 1200/60000, Total: 5.1e-01, Data(F&S): 3.6e-02, Physics: 2.3e-02, Boundary: 4.2e-01, FSI: 8.0e-05, Solid: 1.3e-02, Initial: 3.1e-02, LR: 1.00e-03
INFO:src.utils.logger:Epoch 1400/60000, Total: 4.4e-01, Data(F&S): 3.5e-02, Physics: 3.0e-02, Boundary: 3.5e-01, FSI: 9.9e-05, Solid: 1.1e-02, Initial: 2.8e-02, LR: 1.00e-03
INFO:src.utils.logger:Final losses:
INFO:src.utils.logger:Final left: 8.446e-02 |  Final right: 6.279e-02 |  Final bottom: 1.483e-02 |  Final up: 2.065e-01 |  Final fluid: 3.544e-02 |  Final interface: 1.070e-04 |  Final initial: 6.034e-02 |  Final fluid_total: 5.154e-01 |  Final solid_total: 9.872e-03 | 
INFO:src.utils.logger:_save_checkpoint: Epoch 1600 | Training checkpoint saved at ./checkpoints/2025-08-19_03-45-33-735120/model.pth
INFO:src.utils.logger:Epoch 1600/60000, Total: 5.2e-01, Data(F&S): 4.9e-02, Physics: 3.1e-02, Boundary: 3.9e-01, FSI: 1.4e-04, Solid: 1.0e-02, Initial: 4.8e-02, LR: 1.00e-03
INFO:src.utils.logger:Epoch 1800/60000, Total: 3.6e-01, Data(F&S): 3.0e-02, Physics: 3.4e-02, Boundary: 2.8e-01, FSI: 7.0e-05, Solid: 1.0e-02, Initial: 2.1e-02, LR: 1.00e-03
INFO:src.utils.logger:Final losses:
INFO:src.utils.logger:Final left: 7.426e-02 |  Final right: 3.298e-02 |  Final bottom: 1.431e-03 |  Final up: 1.456e-01 |  Final fluid: 3.584e-02 |  Final interface: 5.801e-05 |  Final initial: 1.450e-02 |  Final fluid_total: 3.293e-01 |  Final solid_total: 8.582e-03 | 
INFO:src.utils.logger:_save_checkpoint: Epoch 2000 | Training checkpoint saved at ./checkpoints/2025-08-19_03-45-33-735120/model.pth
INFO:src.utils.logger:Epoch 2000/60000, Total: 3.0e-01, Data(F&S): 2.4e-02, Physics: 3.7e-02, Boundary: 2.2e-01, FSI: 6.3e-05, Solid: 8.5e-03, Initial: 1.6e-02, LR: 1.00e-03
INFO:src.utils.logger:Epoch 2200/60000, Total: 2.8e-01, Data(F&S): 2.5e-02, Physics: 3.8e-02, Boundary: 2.0e-01, FSI: 7.7e-05, Solid: 8.5e-03, Initial: 1.7e-02, LR: 1.00e-03
INFO:src.utils.logger:Final losses:
INFO:src.utils.logger:Final left: 3.483e-02 |  Final right: 2.106e-02 |  Final bottom: 1.042e-03 |  Final up: 1.210e-01 |  Final fluid: 3.835e-02 |  Final interface: 7.721e-05 |  Final initial: 1.149e-02 |  Final fluid_total: 2.491e-01 |  Final solid_total: 8.172e-03 | 
INFO:src.utils.logger:_save_checkpoint: Epoch 2400 | Training checkpoint saved at ./checkpoints/2025-08-19_03-45-33-735120/model.pth
INFO:src.utils.logger:Epoch 2400/60000, Total: 2.5e-01, Data(F&S): 2.1e-02, Physics: 3.7e-02, Boundary: 1.7e-01, FSI: 7.5e-05, Solid: 8.2e-03, Initial: 1.2e-02, LR: 1.00e-03
INFO:src.utils.logger:Epoch 2600/60000, Total: 2.3e-01, Data(F&S): 2.0e-02, Physics: 3.7e-02, Boundary: 1.6e-01, FSI: 6.5e-05, Solid: 8.1e-03, Initial: 1.3e-02, LR: 1.00e-03
INFO:src.utils.logger:Final losses:
INFO:src.utils.logger:Final left: 3.612e-02 |  Final right: 1.508e-02 |  Final bottom: 8.832e-04 |  Final up: 9.466e-02 |  Final fluid: 3.537e-02 |  Final interface: 5.628e-05 |  Final initial: 9.824e-03 |  Final fluid_total: 2.109e-01 |  Final solid_total: 7.451e-03 | 
INFO:src.utils.logger:_save_checkpoint: Epoch 2800 | Training checkpoint saved at ./checkpoints/2025-08-19_03-45-33-735120/model.pth
INFO:src.utils.logger:Epoch 2800/60000, Total: 2.0e-01, Data(F&S): 1.8e-02, Physics: 3.6e-02, Boundary: 1.4e-01, FSI: 6.7e-05, Solid: 7.6e-03, Initial: 1.1e-02, LR: 1.00e-03
INFO:src.utils.logger:Epoch 3000/60000, Total: 1.9e-01, Data(F&S): 1.8e-02, Physics: 3.6e-02, Boundary: 1.3e-01, FSI: 4.9e-05, Solid: 7.8e-03, Initial: 1.1e-02, LR: 1.00e-03
INFO:src.utils.logger:Final losses:
INFO:src.utils.logger:Final left: 2.180e-02 |  Final right: 1.296e-02 |  Final bottom: 7.337e-04 |  Final up: 7.467e-02 |  Final fluid: 3.260e-02 |  Final interface: 7.665e-05 |  Final initial: 8.079e-03 |  Final fluid_total: 1.677e-01 |  Final solid_total: 7.619e-03 | 
INFO:src.utils.logger:_save_checkpoint: Epoch 3200 | Training checkpoint saved at ./checkpoints/2025-08-19_03-45-33-735120/model.pth
INFO:src.utils.logger:Epoch 3200/60000, Total: 1.7e-01, Data(F&S): 1.7e-02, Physics: 3.2e-02, Boundary: 1.1e-01, FSI: 6.9e-05, Solid: 7.5e-03, Initial: 6.6e-03, LR: 1.00e-03
INFO:src.utils.logger:Epoch 3400/60000, Total: 1.6e-01, Data(F&S): 1.6e-02, Physics: 3.1e-02, Boundary: 1.1e-01, FSI: 4.5e-05, Solid: 7.1e-03, Initial: 7.8e-03, LR: 1.00e-03
INFO:src.utils.logger:Final losses:
INFO:src.utils.logger:Final left: 1.628e-02 |  Final right: 1.170e-02 |  Final bottom: 5.880e-04 |  Final up: 7.093e-02 |  Final fluid: 2.892e-02 |  Final interface: 6.940e-05 |  Final initial: 7.444e-03 |  Final fluid_total: 1.508e-01 |  Final solid_total: 7.127e-03 | 
INFO:src.utils.logger:_save_checkpoint: Epoch 3600 | Training checkpoint saved at ./checkpoints/2025-08-19_03-45-33-735120/model.pth
INFO:src.utils.logger:Epoch 3600/60000, Total: 1.4e-01, Data(F&S): 1.5e-02, Physics: 3.0e-02, Boundary: 9.3e-02, FSI: 5.0e-05, Solid: 7.0e-03, Initial: 5.9e-03, LR: 1.00e-03
INFO:src.utils.logger:Epoch 3800/60000, Total: 1.3e-01, Data(F&S): 1.4e-02, Physics: 2.8e-02, Boundary: 8.2e-02, FSI: 3.4e-05, Solid: 6.7e-03, Initial: 6.2e-03, LR: 1.00e-03
INFO:src.utils.logger:Final losses:
INFO:src.utils.logger:Final left: 1.245e-02 |  Final right: 9.019e-03 |  Final bottom: 5.201e-04 |  Final up: 5.190e-02 |  Final fluid: 2.748e-02 |  Final interface: 4.149e-05 |  Final initial: 4.903e-03 |  Final fluid_total: 1.194e-01 |  Final solid_total: 6.507e-03 | 
INFO:src.utils.logger:_save_checkpoint: Epoch 4000 | Training checkpoint saved at ./checkpoints/2025-08-19_03-45-33-735120/model.pth
INFO:src.utils.logger:Epoch 4000/60000, Total: 1.2e-01, Data(F&S): 1.3e-02, Physics: 2.7e-02, Boundary: 7.0e-02, FSI: 3.1e-05, Solid: 6.5e-03, Initial: 6.5e-03, LR: 1.00e-03
INFO:src.utils.logger:Epoch 4200/60000, Total: 1.1e-01, Data(F&S): 1.2e-02, Physics: 2.6e-02, Boundary: 6.7e-02, FSI: 3.0e-05, Solid: 6.3e-03, Initial: 5.2e-03, LR: 1.00e-03
INFO:src.utils.logger:Final losses:
INFO:src.utils.logger:Final left: 1.291e-02 |  Final right: 8.851e-03 |  Final bottom: 1.326e-03 |  Final up: 4.429e-02 |  Final fluid: 2.569e-02 |  Final interface: 3.533e-05 |  Final initial: 5.850e-03 |  Final fluid_total: 1.116e-01 |  Final solid_total: 6.321e-03 | 
INFO:src.utils.logger:_save_checkpoint: Epoch 4400 | Training checkpoint saved at ./checkpoints/2025-08-19_03-45-33-735120/model.pth
INFO:src.utils.logger:Epoch 4400/60000, Total: 1.0e-01, Data(F&S): 1.2e-02, Physics: 2.4e-02, Boundary: 5.9e-02, FSI: 4.7e-05, Solid: 6.3e-03, Initial: 5.1e-03, LR: 1.00e-03
INFO:src.utils.logger:Epoch 4600/60000, Total: 9.5e-02, Data(F&S): 1.2e-02, Physics: 2.3e-02, Boundary: 5.5e-02, FSI: 7.0e-05, Solid: 6.4e-03, Initial: 5.1e-03, LR: 1.00e-03
INFO:src.utils.logger:Final losses:
INFO:src.utils.logger:Final left: 9.466e-03 |  Final right: 8.090e-03 |  Final bottom: 1.642e-03 |  Final up: 3.154e-02 |  Final fluid: 2.311e-02 |  Final interface: 3.281e-05 |  Final initial: 5.953e-03 |  Final fluid_total: 9.142e-02 |  Final solid_total: 6.020e-03 | 
INFO:src.utils.logger:_save_checkpoint: Epoch 4800 | Training checkpoint saved at ./checkpoints/2025-08-19_03-45-33-735120/model.pth
INFO:src.utils.logger:Epoch 4800/60000, Total: 9.4e-02, Data(F&S): 1.2e-02, Physics: 2.1e-02, Boundary: 5.6e-02, FSI: 2.9e-05, Solid: 6.0e-03, Initial: 5.1e-03, LR: 1.00e-03
INFO:src.utils.logger:Epoch 5000/60000, Total: 1.0e-01, Data(F&S): 1.3e-02, Physics: 2.1e-02, Boundary: 6.1e-02, FSI: 3.9e-05, Solid: 6.0e-03, Initial: 9.1e-03, LR: 1.00e-03
INFO:src.utils.logger:Final losses:
INFO:src.utils.logger:Final left: 7.843e-03 |  Final right: 8.564e-03 |  Final bottom: 9.406e-04 |  Final up: 2.831e-02 |  Final fluid: 2.088e-02 |  Final interface: 2.671e-05 |  Final initial: 4.680e-03 |  Final fluid_total: 8.192e-02 |  Final solid_total: 5.673e-03 | 
INFO:src.utils.logger:_save_checkpoint: Epoch 5200 | Training checkpoint saved at ./checkpoints/2025-08-19_03-45-33-735120/model.pth
INFO:src.utils.logger:Epoch 5200/60000, Total: 8.9e-02, Data(F&S): 1.1e-02, Physics: 2.1e-02, Boundary: 5.0e-02, FSI: 3.4e-05, Solid: 5.6e-03, Initial: 6.0e-03, LR: 1.00e-03
INFO:src.utils.logger:Epoch 5400/60000, Total: 7.3e-02, Data(F&S): 9.6e-03, Physics: 1.9e-02, Boundary: 4.1e-02, FSI: 2.7e-05, Solid: 5.5e-03, Initial: 3.2e-03, LR: 1.00e-03
INFO:src.utils.logger:Final losses:
INFO:src.utils.logger:Final left: 7.378e-03 |  Final right: 6.815e-03 |  Final bottom: 1.332e-03 |  Final up: 2.330e-02 |  Final fluid: 1.882e-02 |  Final interface: 3.675e-05 |  Final initial: 4.832e-03 |  Final fluid_total: 7.272e-02 |  Final solid_total: 6.007e-03 | 
INFO:src.utils.logger:_save_checkpoint: Epoch 5600 | Training checkpoint saved at ./checkpoints/2025-08-19_03-45-33-735120/model.pth
INFO:src.utils.logger:Epoch 5600/60000, Total: 7.2e-02, Data(F&S): 1.0e-02, Physics: 1.8e-02, Boundary: 3.9e-02, FSI: 3.3e-05, Solid: 5.6e-03, Initial: 5.0e-03, LR: 1.00e-03
INFO:src.utils.logger:Epoch 5800/60000, Total: 1.1e-01, Data(F&S): 1.3e-02, Physics: 1.8e-02, Boundary: 6.6e-02, FSI: 2.9e-05, Solid: 5.7e-03, Initial: 1.1e-02, LR: 1.00e-03
INFO:src.utils.logger:Final losses:
INFO:src.utils.logger:Final left: 6.003e-03 |  Final right: 7.732e-03 |  Final bottom: 9.352e-04 |  Final up: 2.398e-02 |  Final fluid: 1.932e-02 |  Final interface: 3.457e-05 |  Final initial: 5.002e-03 |  Final fluid_total: 7.283e-02 |  Final solid_total: 5.222e-03 | 
INFO:src.utils.logger:_save_checkpoint: Epoch 6000 | Training checkpoint saved at ./checkpoints/2025-08-19_03-45-33-735120/model.pth
INFO:src.utils.logger:Epoch 6000/60000, Total: 7.6e-02, Data(F&S): 9.5e-03, Physics: 1.7e-02, Boundary: 4.6e-02, FSI: 3.2e-05, Solid: 5.2e-03, Initial: 3.2e-03, LR: 1.00e-03
INFO:src.utils.logger:Epoch 6200/60000, Total: 6.2e-02, Data(F&S): 8.8e-03, Physics: 1.7e-02, Boundary: 3.2e-02, FSI: 3.0e-05, Solid: 5.1e-03, Initial: 3.6e-03, LR: 1.00e-03
INFO:src.utils.logger:Final losses:
INFO:src.utils.logger:Final left: 5.625e-03 |  Final right: 6.289e-03 |  Final bottom: 3.029e-04 |  Final up: 1.899e-02 |  Final fluid: 1.796e-02 |  Final interface: 2.779e-05 |  Final initial: 3.779e-03 |  Final fluid_total: 6.173e-02 |  Final solid_total: 5.022e-03 | 
INFO:src.utils.logger:_save_checkpoint: Epoch 6400 | Training checkpoint saved at ./checkpoints/2025-08-19_03-45-33-735120/model.pth
INFO:src.utils.logger:Epoch 6400/60000, Total: 6.2e-02, Data(F&S): 8.7e-03, Physics: 1.6e-02, Boundary: 3.4e-02, FSI: 3.4e-05, Solid: 5.0e-03, Initial: 3.1e-03, LR: 1.00e-03
INFO:src.utils.logger:Epoch 6600/60000, Total: 7.4e-02, Data(F&S): 1.1e-02, Physics: 1.7e-02, Boundary: 4.0e-02, FSI: 7.5e-05, Solid: 5.2e-03, Initial: 6.0e-03, LR: 1.00e-03
INFO:src.utils.logger:Final losses:
INFO:src.utils.logger:Final left: 5.713e-03 |  Final right: 7.497e-03 |  Final bottom: 2.548e-03 |  Final up: 2.075e-02 |  Final fluid: 1.623e-02 |  Final interface: 4.436e-05 |  Final initial: 5.754e-03 |  Final fluid_total: 6.839e-02 |  Final solid_total: 5.358e-03 | 
INFO:src.utils.logger:_save_checkpoint: Epoch 6800 | Training checkpoint saved at ./checkpoints/2025-08-19_03-45-33-735120/model.pth
INFO:src.utils.logger:Epoch 6800/60000, Total: 6.9e-02, Data(F&S): 1.1e-02, Physics: 1.6e-02, Boundary: 3.4e-02, FSI: 4.7e-05, Solid: 5.1e-03, Initial: 7.8e-03, LR: 1.00e-03
INFO:src.utils.logger:Epoch 7000/60000, Total: 6.4e-02, Data(F&S): 9.2e-03, Physics: 1.6e-02, Boundary: 3.3e-02, FSI: 4.5e-05, Solid: 5.5e-03, Initial: 6.4e-03, LR: 1.00e-03
INFO:src.utils.logger:Final losses:
INFO:src.utils.logger:Final left: 5.103e-03 |  Final right: 5.049e-03 |  Final bottom: 4.337e-04 |  Final up: 1.725e-02 |  Final fluid: 1.521e-02 |  Final interface: 3.389e-05 |  Final initial: 2.716e-03 |  Final fluid_total: 5.381e-02 |  Final solid_total: 4.868e-03 | 
INFO:src.utils.logger:_save_checkpoint: Epoch 7200 | Training checkpoint saved at ./checkpoints/2025-08-19_03-45-33-735120/model.pth
INFO:src.utils.logger:Epoch 7200/60000, Total: 5.6e-02, Data(F&S): 8.6e-03, Physics: 1.6e-02, Boundary: 2.8e-02, FSI: 3.3e-05, Solid: 4.8e-03, Initial: 3.3e-03, LR: 1.00e-03
INFO:src.utils.logger:Epoch 7400/60000, Total: 5.2e-02, Data(F&S): 7.7e-03, Physics: 1.5e-02, Boundary: 2.7e-02, FSI: 3.6e-05, Solid: 4.8e-03, Initial: 2.1e-03, LR: 1.00e-03
INFO:src.utils.logger:Final losses:
INFO:src.utils.logger:Final left: 5.171e-03 |  Final right: 5.909e-03 |  Final bottom: 2.188e-03 |  Final up: 1.519e-02 |  Final fluid: 1.540e-02 |  Final interface: 3.073e-05 |  Final initial: 4.922e-03 |  Final fluid_total: 5.767e-02 |  Final solid_total: 4.619e-03 | 
INFO:src.utils.logger:_save_checkpoint: Epoch 7600 | Training checkpoint saved at ./checkpoints/2025-08-19_03-45-33-735120/model.pth
INFO:src.utils.logger:Epoch 7600/60000, Total: 5.5e-02, Data(F&S): 9.1e-03, Physics: 1.5e-02, Boundary: 2.7e-02, FSI: 3.4e-05, Solid: 4.7e-03, Initial: 4.7e-03, LR: 1.00e-03
INFO:src.utils.logger:Epoch 7800/60000, Total: 8.6e-02, Data(F&S): 1.0e-02, Physics: 1.5e-02, Boundary: 5.4e-02, FSI: 4.1e-05, Solid: 4.7e-03, Initial: 6.1e-03, LR: 1.00e-03
INFO:src.utils.logger:Final losses:
INFO:src.utils.logger:Final left: 3.725e-03 |  Final right: 4.520e-03 |  Final bottom: 7.148e-04 |  Final up: 1.417e-02 |  Final fluid: 1.438e-02 |  Final interface: 2.901e-05 |  Final initial: 2.188e-03 |  Final fluid_total: 4.723e-02 |  Final solid_total: 4.456e-03 | 
INFO:src.utils.logger:_save_checkpoint: Epoch 8000 | Training checkpoint saved at ./checkpoints/2025-08-19_03-45-33-735120/model.pth
INFO:src.utils.logger:Epoch 8000/60000, Total: 4.7e-02, Data(F&S): 7.6e-03, Physics: 1.5e-02, Boundary: 2.2e-02, FSI: 3.3e-05, Solid: 4.5e-03, Initial: 2.3e-03, LR: 1.00e-03
INFO:src.utils.logger:Epoch 8200/60000, Total: 4.5e-02, Data(F&S): 7.2e-03, Physics: 1.5e-02, Boundary: 2.1e-02, FSI: 2.8e-05, Solid: 4.5e-03, Initial: 2.1e-03, LR: 1.00e-03
INFO:src.utils.logger:Final losses:
INFO:src.utils.logger:Final left: 1.100e-02 |  Final right: 6.095e-03 |  Final bottom: 3.875e-03 |  Final up: 1.694e-02 |  Final fluid: 1.619e-02 |  Final interface: 7.091e-05 |  Final initial: 8.894e-03 |  Final fluid_total: 7.370e-02 |  Final solid_total: 5.183e-03 | 
INFO:src.utils.logger:_save_checkpoint: Epoch 8400 | Training checkpoint saved at ./checkpoints/2025-08-19_03-45-33-735120/model.pth
INFO:src.utils.logger:Epoch 8400/60000, Total: 7.2e-02, Data(F&S): 1.0e-02, Physics: 1.4e-02, Boundary: 4.2e-02, FSI: 4.9e-05, Solid: 5.3e-03, Initial: 5.7e-03, LR: 1.00e-03
INFO:src.utils.logger:Epoch 8600/60000, Total: 4.7e-02, Data(F&S): 7.4e-03, Physics: 1.4e-02, Boundary: 2.4e-02, FSI: 2.6e-05, Solid: 4.3e-03, Initial: 2.3e-03, LR: 1.00e-03
INFO:src.utils.logger:Final losses:
INFO:src.utils.logger:Final left: 3.310e-03 |  Final right: 4.591e-03 |  Final bottom: 3.776e-04 |  Final up: 1.273e-02 |  Final fluid: 1.420e-02 |  Final interface: 2.826e-05 |  Final initial: 2.112e-03 |  Final fluid_total: 4.462e-02 |  Final solid_total: 4.268e-03 | 
INFO:src.utils.logger:_save_checkpoint: Epoch 8800 | Training checkpoint saved at ./checkpoints/2025-08-19_03-45-33-735120/model.pth
INFO:src.utils.logger:Epoch 8800/60000, Total: 4.4e-02, Data(F&S): 7.1e-03, Physics: 1.4e-02, Boundary: 2.1e-02, FSI: 3.3e-05, Solid: 4.2e-03, Initial: 1.8e-03, LR: 1.00e-03
