INFO:src.utils.logger:./checkpoints/2025-08-19_03-45-33-735141
INFO:src.utils.logger:Config:
INFO:src.utils.logger:dataset_type: old
INFO:src.utils.logger:training_selection_method: Sobol
INFO:src.utils.logger:input_dim: 3
INFO:src.utils.logger:hidden_dim: 300
INFO:src.utils.logger:hidden_layers_dim: 3
INFO:src.utils.logger:fluid_density: 1.0
INFO:src.utils.logger:fluid_viscosity: 0.01
INFO:src.utils.logger:num_epochs: 60000
INFO:src.utils.logger:batch_size: 128
INFO:src.utils.logger:learning_rate: 0.001
INFO:src.utils.logger:data_weight: 2.0
INFO:src.utils.logger:physics_weight: 0.01
INFO:src.utils.logger:boundary_weight: 2.0
INFO:src.utils.logger:fsi_weight: 0.5
INFO:src.utils.logger:initial_weight: 4.0
INFO:src.utils.logger:checkpoint_dir: ./checkpoints
INFO:src.utils.logger:resume: None
INFO:src.utils.logger:print_every: 400
INFO:src.utils.logger:save_every: 400
INFO:src.utils.logger:fluid_sampling_ratio: 0.01
INFO:src.utils.logger:interface_sampling_ratio: 0.07
INFO:src.utils.logger:solid_sampling_ratio: 0.01
INFO:src.utils.logger:left_sampling_ratio: 0.1
INFO:src.utils.logger:right_sampling_ratio: 0.1
INFO:src.utils.logger:bottom_sampling_ratio: 0.1
INFO:src.utils.logger:top_sampling_ratio: 0.15
INFO:src.utils.logger:initial_sampling_ratio: 0.1
INFO:src.utils.logger:device: cpu
INFO:src.utils.logger:solver: mlp
INFO:src.utils.logger:model: m1
INFO:src.utils.logger:Fluid model architecture:
INFO:src.utils.logger:MLP(
  (layers): ModuleList(
    (0): Linear(in_features=3, out_features=300, bias=True)
    (1-2): 2 x Linear(in_features=300, out_features=300, bias=True)
    (3): Linear(in_features=300, out_features=3, bias=True)
  )
)
INFO:src.utils.logger:Number of parameters: 182703
INFO:src.utils.logger:Epoch 0/60000, Total: 6.8e+00, Data(F): 2.2e-01, Data(S): 1.3e-01, Physics: 6.0e-04, Boundary: 3.8e+00, FSI: 2.3e+00, Initial: 2.5e-01, LR: 1.00e-03
INFO:src.utils.logger:Final losses:
INFO:src.utils.logger:Final left: 1.490e-01 |  Final right: 2.348e-01 |  Final bottom: 1.055e-02 |  Final up: 4.848e-01 |  Final fluid: 5.143e-03 |  Final interface: 3.757e-02 |  Final initial: 8.990e-02 |  Final total: 1.136e+00 | 
INFO:src.utils.logger:_save_checkpoint: Epoch 400 | Training checkpoint saved at ./checkpoints/2025-08-19_03-45-33-735141/model.pth
INFO:src.utils.logger:Epoch 400/60000, Total: 1.1e+00, Data(F): 6.4e-02, Data(S): 5.4e-02, Physics: 4.5e-03, Boundary: 8.9e-01, FSI: 3.2e-02, Initial: 8.0e-02, LR: 1.00e-03
INFO:src.utils.logger:Final losses:
INFO:src.utils.logger:Final left: 1.004e-01 |  Final right: 1.342e-01 |  Final bottom: 3.596e-02 |  Final up: 2.953e-01 |  Final fluid: 1.748e-02 |  Final interface: 1.907e-02 |  Final initial: 8.726e-02 |  Final total: 8.067e-01 | 
INFO:src.utils.logger:_save_checkpoint: Epoch 800 | Training checkpoint saved at ./checkpoints/2025-08-19_03-45-33-735141/model.pth
INFO:src.utils.logger:Epoch 800/60000, Total: 7.4e-01, Data(F): 4.9e-02, Data(S): 3.5e-02, Physics: 1.7e-02, Boundary: 5.5e-01, FSI: 1.9e-02, Initial: 6.6e-02, LR: 1.00e-03
INFO:src.utils.logger:Final losses:
INFO:src.utils.logger:Final left: 7.632e-02 |  Final right: 7.069e-02 |  Final bottom: 2.719e-03 |  Final up: 2.219e-01 |  Final fluid: 2.998e-02 |  Final interface: 1.799e-02 |  Final initial: 3.648e-02 |  Final total: 5.131e-01 | 
INFO:src.utils.logger:_save_checkpoint: Epoch 1200 | Training checkpoint saved at ./checkpoints/2025-08-19_03-45-33-735141/model.pth
INFO:src.utils.logger:Epoch 1200/60000, Total: 5.0e-01, Data(F): 3.6e-02, Data(S): 2.6e-02, Physics: 2.9e-02, Boundary: 3.6e-01, FSI: 1.8e-02, Initial: 3.5e-02, LR: 1.00e-03
INFO:src.utils.logger:Final losses:
INFO:src.utils.logger:Final left: 6.816e-02 |  Final right: 4.282e-02 |  Final bottom: 1.248e-03 |  Final up: 1.729e-01 |  Final fluid: 3.504e-02 |  Final interface: 1.808e-02 |  Final initial: 2.753e-02 |  Final total: 4.175e-01 | 
INFO:src.utils.logger:_save_checkpoint: Epoch 1600 | Training checkpoint saved at ./checkpoints/2025-08-19_03-45-33-735141/model.pth
INFO:src.utils.logger:Epoch 1600/60000, Total: 4.2e-01, Data(F): 3.1e-02, Data(S): 2.4e-02, Physics: 3.4e-02, Boundary: 2.8e-01, FSI: 2.0e-02, Initial: 2.8e-02, LR: 1.00e-03
INFO:src.utils.logger:Final losses:
INFO:src.utils.logger:Final left: 3.734e-02 |  Final right: 3.138e-02 |  Final bottom: 4.594e-03 |  Final up: 1.386e-01 |  Final fluid: 3.831e-02 |  Final interface: 1.567e-02 |  Final initial: 2.753e-02 |  Final total: 3.404e-01 | 
INFO:src.utils.logger:_save_checkpoint: Epoch 2000 | Training checkpoint saved at ./checkpoints/2025-08-19_03-45-33-735141/model.pth
INFO:src.utils.logger:Epoch 2000/60000, Total: 3.4e-01, Data(F): 2.7e-02, Data(S): 1.9e-02, Physics: 3.8e-02, Boundary: 2.2e-01, FSI: 1.6e-02, Initial: 2.4e-02, LR: 1.00e-03
INFO:src.utils.logger:Final losses:
INFO:src.utils.logger:Final left: 3.314e-02 |  Final right: 2.098e-02 |  Final bottom: 5.154e-04 |  Final up: 1.173e-01 |  Final fluid: 3.901e-02 |  Final interface: 1.419e-02 |  Final initial: 1.771e-02 |  Final total: 2.816e-01 | 
INFO:src.utils.logger:_save_checkpoint: Epoch 2400 | Training checkpoint saved at ./checkpoints/2025-08-19_03-45-33-735141/model.pth
INFO:src.utils.logger:Epoch 2400/60000, Total: 2.8e-01, Data(F): 2.3e-02, Data(S): 1.7e-02, Physics: 3.9e-02, Boundary: 1.6e-01, FSI: 1.4e-02, Initial: 1.9e-02, LR: 1.00e-03
INFO:src.utils.logger:Final losses:
INFO:src.utils.logger:Final left: 3.236e-02 |  Final right: 1.696e-02 |  Final bottom: 1.547e-03 |  Final up: 9.877e-02 |  Final fluid: 3.751e-02 |  Final interface: 1.348e-02 |  Final initial: 1.778e-02 |  Final total: 2.553e-01 | 
INFO:src.utils.logger:_save_checkpoint: Epoch 2800 | Training checkpoint saved at ./checkpoints/2025-08-19_03-45-33-735141/model.pth
INFO:src.utils.logger:Epoch 2800/60000, Total: 2.5e-01, Data(F): 2.1e-02, Data(S): 1.6e-02, Physics: 3.8e-02, Boundary: 1.4e-01, FSI: 1.3e-02, Initial: 1.8e-02, LR: 1.00e-03
INFO:src.utils.logger:Final losses:
INFO:src.utils.logger:Final left: 2.357e-02 |  Final right: 1.423e-02 |  Final bottom: 1.404e-03 |  Final up: 8.706e-02 |  Final fluid: 3.554e-02 |  Final interface: 1.386e-02 |  Final initial: 1.538e-02 |  Final total: 2.246e-01 | 
INFO:src.utils.logger:_save_checkpoint: Epoch 3200 | Training checkpoint saved at ./checkpoints/2025-08-19_03-45-33-735141/model.pth
INFO:src.utils.logger:Epoch 3200/60000, Total: 2.2e-01, Data(F): 2.0e-02, Data(S): 1.5e-02, Physics: 3.6e-02, Boundary: 1.2e-01, FSI: 1.4e-02, Initial: 1.7e-02, LR: 1.00e-03
INFO:src.utils.logger:Final losses:
INFO:src.utils.logger:Final left: 1.411e-02 |  Final right: 1.143e-02 |  Final bottom: 9.674e-04 |  Final up: 7.095e-02 |  Final fluid: 3.296e-02 |  Final interface: 1.341e-02 |  Final initial: 1.347e-02 |  Final total: 1.859e-01 | 
INFO:src.utils.logger:_save_checkpoint: Epoch 3600 | Training checkpoint saved at ./checkpoints/2025-08-19_03-45-33-735141/model.pth
INFO:src.utils.logger:Epoch 3600/60000, Total: 1.8e-01, Data(F): 1.6e-02, Data(S): 1.2e-02, Physics: 3.3e-02, Boundary: 9.6e-02, FSI: 1.3e-02, Initial: 1.1e-02, LR: 1.00e-03
INFO:src.utils.logger:Final losses:
INFO:src.utils.logger:Final left: 1.186e-02 |  Final right: 1.074e-02 |  Final bottom: 7.256e-04 |  Final up: 6.014e-02 |  Final fluid: 3.083e-02 |  Final interface: 1.250e-02 |  Final initial: 1.063e-02 |  Final total: 1.628e-01 | 
INFO:src.utils.logger:_save_checkpoint: Epoch 4000 | Training checkpoint saved at ./checkpoints/2025-08-19_03-45-33-735141/model.pth
INFO:src.utils.logger:Epoch 4000/60000, Total: 1.7e-01, Data(F): 1.5e-02, Data(S): 1.1e-02, Physics: 3.2e-02, Boundary: 8.4e-02, FSI: 1.3e-02, Initial: 1.2e-02, LR: 1.00e-03
INFO:src.utils.logger:Final losses:
INFO:src.utils.logger:Final left: 1.181e-02 |  Final right: 1.063e-02 |  Final bottom: 2.200e-03 |  Final up: 4.533e-02 |  Final fluid: 2.989e-02 |  Final interface: 1.198e-02 |  Final initial: 1.287e-02 |  Final total: 1.495e-01 | 
INFO:src.utils.logger:_save_checkpoint: Epoch 4400 | Training checkpoint saved at ./checkpoints/2025-08-19_03-45-33-735141/model.pth
INFO:src.utils.logger:Epoch 4400/60000, Total: 1.5e-01, Data(F): 1.4e-02, Data(S): 1.0e-02, Physics: 3.0e-02, Boundary: 6.8e-02, FSI: 1.2e-02, Initial: 1.1e-02, LR: 1.00e-03
INFO:src.utils.logger:Final losses:
INFO:src.utils.logger:Final left: 1.058e-02 |  Final right: 8.938e-03 |  Final bottom: 1.496e-03 |  Final up: 3.701e-02 |  Final fluid: 2.912e-02 |  Final interface: 9.876e-03 |  Final initial: 9.801e-03 |  Final total: 1.288e-01 | 
INFO:src.utils.logger:_save_checkpoint: Epoch 4800 | Training checkpoint saved at ./checkpoints/2025-08-19_03-45-33-735141/model.pth
INFO:src.utils.logger:Epoch 4800/60000, Total: 1.3e-01, Data(F): 1.2e-02, Data(S): 9.6e-03, Physics: 2.9e-02, Boundary: 6.1e-02, FSI: 1.1e-02, Initial: 9.5e-03, LR: 1.00e-03
INFO:src.utils.logger:Final losses:
INFO:src.utils.logger:Final left: 7.971e-03 |  Final right: 1.107e-02 |  Final bottom: 1.529e-03 |  Final up: 3.264e-02 |  Final fluid: 2.753e-02 |  Final interface: 9.156e-03 |  Final initial: 9.014e-03 |  Final total: 1.196e-01 | 
INFO:src.utils.logger:_save_checkpoint: Epoch 5200 | Training checkpoint saved at ./checkpoints/2025-08-19_03-45-33-735141/model.pth
INFO:src.utils.logger:Epoch 5200/60000, Total: 1.2e-01, Data(F): 1.1e-02, Data(S): 8.8e-03, Physics: 2.8e-02, Boundary: 5.3e-02, FSI: 9.2e-03, Initial: 8.5e-03, LR: 1.00e-03
INFO:src.utils.logger:Final losses:
INFO:src.utils.logger:Final left: 8.919e-03 |  Final right: 6.330e-03 |  Final bottom: 5.338e-04 |  Final up: 2.932e-02 |  Final fluid: 2.457e-02 |  Final interface: 9.056e-03 |  Final initial: 6.252e-03 |  Final total: 1.029e-01 | 
INFO:src.utils.logger:_save_checkpoint: Epoch 5600 | Training checkpoint saved at ./checkpoints/2025-08-19_03-45-33-735141/model.pth
INFO:src.utils.logger:Epoch 5600/60000, Total: 1.0e-01, Data(F): 9.5e-03, Data(S): 7.5e-03, Physics: 2.6e-02, Boundary: 4.5e-02, FSI: 9.1e-03, Initial: 5.7e-03, LR: 1.00e-03
INFO:src.utils.logger:Final losses:
INFO:src.utils.logger:Final left: 6.170e-03 |  Final right: 6.377e-03 |  Final bottom: 5.393e-04 |  Final up: 2.688e-02 |  Final fluid: 2.291e-02 |  Final interface: 8.215e-03 |  Final initial: 4.978e-03 |  Final total: 9.215e-02 | 
INFO:src.utils.logger:_save_checkpoint: Epoch 6000 | Training checkpoint saved at ./checkpoints/2025-08-19_03-45-33-735141/model.pth
INFO:src.utils.logger:Epoch 6000/60000, Total: 9.4e-02, Data(F): 9.1e-03, Data(S): 7.4e-03, Physics: 2.4e-02, Boundary: 3.9e-02, FSI: 8.2e-03, Initial: 5.8e-03, LR: 1.00e-03
INFO:src.utils.logger:Final losses:
INFO:src.utils.logger:Final left: 6.534e-03 |  Final right: 6.347e-03 |  Final bottom: 7.825e-04 |  Final up: 2.524e-02 |  Final fluid: 2.242e-02 |  Final interface: 8.844e-03 |  Final initial: 4.190e-03 |  Final total: 9.057e-02 | 
INFO:src.utils.logger:_save_checkpoint: Epoch 6400 | Training checkpoint saved at ./checkpoints/2025-08-19_03-45-33-735141/model.pth
INFO:src.utils.logger:Epoch 6400/60000, Total: 9.2e-02, Data(F): 9.0e-03, Data(S): 7.7e-03, Physics: 2.2e-02, Boundary: 4.0e-02, FSI: 9.0e-03, Initial: 4.5e-03, LR: 1.00e-03
INFO:src.utils.logger:Final losses:
INFO:src.utils.logger:Final left: 5.336e-03 |  Final right: 5.047e-03 |  Final bottom: 5.515e-04 |  Final up: 2.303e-02 |  Final fluid: 2.035e-02 |  Final interface: 7.833e-03 |  Final initial: 3.665e-03 |  Final total: 8.057e-02 | 
INFO:src.utils.logger:_save_checkpoint: Epoch 6800 | Training checkpoint saved at ./checkpoints/2025-08-19_03-45-33-735141/model.pth
INFO:src.utils.logger:Epoch 6800/60000, Total: 8.0e-02, Data(F): 8.3e-03, Data(S): 7.0e-03, Physics: 2.1e-02, Boundary: 3.2e-02, FSI: 7.9e-03, Initial: 4.1e-03, LR: 1.00e-03
INFO:src.utils.logger:Final losses:
INFO:src.utils.logger:Final left: 8.614e-03 |  Final right: 5.085e-03 |  Final bottom: 2.393e-03 |  Final up: 2.260e-02 |  Final fluid: 2.099e-02 |  Final interface: 7.302e-03 |  Final initial: 5.594e-03 |  Final total: 8.972e-02 | 
INFO:src.utils.logger:_save_checkpoint: Epoch 7200 | Training checkpoint saved at ./checkpoints/2025-08-19_03-45-33-735141/model.pth
INFO:src.utils.logger:Epoch 7200/60000, Total: 8.4e-02, Data(F): 9.4e-03, Data(S): 8.0e-03, Physics: 2.0e-02, Boundary: 3.5e-02, FSI: 7.7e-03, Initial: 5.2e-03, LR: 1.00e-03
INFO:src.utils.logger:Final losses:
INFO:src.utils.logger:Final left: 5.128e-03 |  Final right: 5.850e-03 |  Final bottom: 1.714e-03 |  Final up: 1.773e-02 |  Final fluid: 2.153e-02 |  Final interface: 8.805e-03 |  Final initial: 5.894e-03 |  Final total: 8.248e-02 | 
INFO:src.utils.logger:_save_checkpoint: Epoch 7600 | Training checkpoint saved at ./checkpoints/2025-08-19_03-45-33-735141/model.pth
INFO:src.utils.logger:Epoch 7600/60000, Total: 8.1e-02, Data(F): 8.4e-03, Data(S): 7.4e-03, Physics: 1.8e-02, Boundary: 3.4e-02, FSI: 8.4e-03, Initial: 4.7e-03, LR: 1.00e-03
INFO:src.utils.logger:Final losses:
INFO:src.utils.logger:Final left: 4.717e-03 |  Final right: 3.889e-03 |  Final bottom: 5.581e-04 |  Final up: 1.633e-02 |  Final fluid: 1.852e-02 |  Final interface: 7.480e-03 |  Final initial: 4.101e-03 |  Final total: 6.941e-02 | 
INFO:src.utils.logger:_save_checkpoint: Epoch 8000 | Training checkpoint saved at ./checkpoints/2025-08-19_03-45-33-735141/model.pth
INFO:src.utils.logger:Epoch 8000/60000, Total: 6.8e-02, Data(F): 7.2e-03, Data(S): 6.4e-03, Physics: 1.8e-02, Boundary: 2.5e-02, FSI: 7.6e-03, Initial: 3.7e-03, LR: 1.00e-03
INFO:src.utils.logger:Final losses:
INFO:src.utils.logger:Final left: 5.479e-03 |  Final right: 4.804e-03 |  Final bottom: 1.194e-03 |  Final up: 1.899e-02 |  Final fluid: 1.814e-02 |  Final interface: 6.751e-03 |  Final initial: 4.146e-03 |  Final total: 7.454e-02 | 
INFO:src.utils.logger:_save_checkpoint: Epoch 8400 | Training checkpoint saved at ./checkpoints/2025-08-19_03-45-33-735141/model.pth
INFO:src.utils.logger:Epoch 8400/60000, Total: 7.2e-02, Data(F): 8.4e-03, Data(S): 7.7e-03, Physics: 1.9e-02, Boundary: 2.6e-02, FSI: 6.6e-03, Initial: 5.0e-03, LR: 1.00e-03
INFO:src.utils.logger:Final losses:
INFO:src.utils.logger:Final left: 4.594e-03 |  Final right: 6.810e-03 |  Final bottom: 1.810e-03 |  Final up: 1.795e-02 |  Final fluid: 1.906e-02 |  Final interface: 9.071e-03 |  Final initial: 4.953e-03 |  Final total: 8.201e-02 | 
INFO:src.utils.logger:_save_checkpoint: Epoch 8800 | Training checkpoint saved at ./checkpoints/2025-08-19_03-45-33-735141/model.pth
INFO:src.utils.logger:Epoch 8800/60000, Total: 8.9e-02, Data(F): 8.1e-03, Data(S): 7.2e-03, Physics: 1.9e-02, Boundary: 3.9e-02, FSI: 8.9e-03, Initial: 6.7e-03, LR: 1.00e-03
INFO:src.utils.logger:Final losses:
INFO:src.utils.logger:Final left: 3.239e-03 |  Final right: 3.684e-03 |  Final bottom: 2.429e-04 |  Final up: 1.423e-02 |  Final fluid: 1.715e-02 |  Final interface: 8.123e-03 |  Final initial: 2.423e-03 |  Final total: 6.124e-02 | 
INFO:src.utils.logger:_save_checkpoint: Epoch 9200 | Training checkpoint saved at ./checkpoints/2025-08-19_03-45-33-735141/model.pth
INFO:src.utils.logger:Epoch 9200/60000, Total: 6.6e-02, Data(F): 6.8e-03, Data(S): 5.8e-03, Physics: 1.7e-02, Boundary: 2.5e-02, FSI: 9.4e-03, Initial: 2.6e-03, LR: 1.00e-03
INFO:src.utils.logger:Final losses:
INFO:src.utils.logger:Final left: 2.805e-03 |  Final right: 3.672e-03 |  Final bottom: 3.551e-04 |  Final up: 1.422e-02 |  Final fluid: 1.602e-02 |  Final interface: 6.861e-03 |  Final initial: 2.326e-03 |  Final total: 5.836e-02 | 
INFO:src.utils.logger:_save_checkpoint: Epoch 9600 | Training checkpoint saved at ./checkpoints/2025-08-19_03-45-33-735141/model.pth
INFO:src.utils.logger:Epoch 9600/60000, Total: 5.9e-02, Data(F): 6.7e-03, Data(S): 6.0e-03, Physics: 1.8e-02, Boundary: 2.0e-02, FSI: 6.3e-03, Initial: 2.7e-03, LR: 1.00e-03
INFO:src.utils.logger:Final losses:
INFO:src.utils.logger:Final left: 3.091e-03 |  Final right: 3.788e-03 |  Final bottom: 7.967e-04 |  Final up: 1.246e-02 |  Final fluid: 1.644e-02 |  Final interface: 5.853e-03 |  Final initial: 3.186e-03 |  Final total: 5.954e-02 | 
INFO:src.utils.logger:_save_checkpoint: Epoch 10000 | Training checkpoint saved at ./checkpoints/2025-08-19_03-45-33-735141/model.pth
INFO:src.utils.logger:Epoch 10000/60000, Total: 5.9e-02, Data(F): 6.9e-03, Data(S): 6.3e-03, Physics: 1.6e-02, Boundary: 2.1e-02, FSI: 6.0e-03, Initial: 3.0e-03, LR: 1.00e-03
INFO:src.utils.logger:Final losses:
INFO:src.utils.logger:Final left: 2.608e-03 |  Final right: 2.808e-03 |  Final bottom: 2.868e-04 |  Final up: 1.229e-02 |  Final fluid: 1.669e-02 |  Final interface: 8.260e-03 |  Final initial: 2.184e-03 |  Final total: 5.720e-02 | 
INFO:src.utils.logger:_save_checkpoint: Epoch 10400 | Training checkpoint saved at ./checkpoints/2025-08-19_03-45-33-735141/model.pth
INFO:src.utils.logger:Epoch 10400/60000, Total: 5.7e-02, Data(F): 6.4e-03, Data(S): 5.8e-03, Physics: 1.6e-02, Boundary: 1.8e-02, FSI: 9.2e-03, Initial: 2.5e-03, LR: 1.00e-03
